[debug] [2025-12-12T20:18:41.917Z] ----------------------------------------------------------------------
[debug] [2025-12-12T20:18:41.921Z] Command:       C:\Program Files\nodejs\node.exe C:\Users\USER\AppData\Roaming\npm\node_modules\firebase-tools\lib\bin\firebase.js deploy --only functions
[debug] [2025-12-12T20:18:41.922Z] CLI Version:   14.27.0
[debug] [2025-12-12T20:18:41.922Z] Platform:      win32
[debug] [2025-12-12T20:18:41.922Z] Node Version:  v22.14.0
[debug] [2025-12-12T20:18:41.923Z] Time:          Fri Dec 12 2025 23:18:41 GMT+0300 (East Africa Time)
[debug] [2025-12-12T20:18:41.923Z] ----------------------------------------------------------------------
[debug] 
[debug] [2025-12-12T20:18:41.926Z] >>> [apiv2][query] GET https://firebase-public.firebaseio.com/cli.json [none]
[debug] [2025-12-12T20:18:42.571Z] > command requires scopes: ["email","openid","https://www.googleapis.com/auth/cloudplatformprojects.readonly","https://www.googleapis.com/auth/firebase","https://www.googleapis.com/auth/cloud-platform"]
[debug] [2025-12-12T20:18:42.572Z] > authorizing via signed-in user (navisuganda@gmail.com)
[debug] [2025-12-12T20:18:42.572Z] [iam] checking project navis-3a087 for permissions ["cloudfunctions.functions.create","cloudfunctions.functions.delete","cloudfunctions.functions.get","cloudfunctions.functions.list","cloudfunctions.functions.update","cloudfunctions.operations.get","firebase.projects.get"]
[debug] [2025-12-12T20:18:42.573Z] No OAuth tokens found
[debug] [2025-12-12T20:18:42.573Z] No OAuth tokens found
[debug] [2025-12-12T20:18:42.573Z] > refreshing access token with scopes: []
[debug] [2025-12-12T20:18:42.576Z] >>> [apiv2][query] POST https://www.googleapis.com/oauth2/v3/token [none]
[debug] [2025-12-12T20:18:42.576Z] >>> [apiv2][body] POST https://www.googleapis.com/oauth2/v3/token [omitted]
[debug] [2025-12-12T20:18:43.267Z] <<< [apiv2][status] POST https://www.googleapis.com/oauth2/v3/token 200
[debug] [2025-12-12T20:18:43.268Z] <<< [apiv2][body] POST https://www.googleapis.com/oauth2/v3/token [omitted]
[debug] [2025-12-12T20:18:43.275Z] >>> [apiv2][query] POST https://cloudresourcemanager.googleapis.com/v1/projects/navis-3a087:testIamPermissions [none]
[debug] [2025-12-12T20:18:43.275Z] >>> [apiv2][(partial)header] POST https://cloudresourcemanager.googleapis.com/v1/projects/navis-3a087:testIamPermissions x-goog-quota-user=projects/navis-3a087
[debug] [2025-12-12T20:18:43.276Z] >>> [apiv2][body] POST https://cloudresourcemanager.googleapis.com/v1/projects/navis-3a087:testIamPermissions {"permissions":["cloudfunctions.functions.create","cloudfunctions.functions.delete","cloudfunctions.functions.get","cloudfunctions.functions.list","cloudfunctions.functions.update","cloudfunctions.operations.get","firebase.projects.get"]}
[debug] [2025-12-12T20:18:43.446Z] <<< [apiv2][status] GET https://firebase-public.firebaseio.com/cli.json 200
[debug] [2025-12-12T20:18:43.446Z] <<< [apiv2][body] GET https://firebase-public.firebaseio.com/cli.json {"cloudBuildErrorAfter":1594252800000,"cloudBuildWarnAfter":1590019200000,"defaultNode10After":1594252800000,"minVersion":"3.0.5","node8DeploysDisabledAfter":1613390400000,"node8RuntimeDisabledAfter":1615809600000,"node8WarnAfter":1600128000000}
[debug] [2025-12-12T20:18:44.873Z] <<< [apiv2][status] POST https://cloudresourcemanager.googleapis.com/v1/projects/navis-3a087:testIamPermissions 200
[debug] [2025-12-12T20:18:44.873Z] <<< [apiv2][body] POST https://cloudresourcemanager.googleapis.com/v1/projects/navis-3a087:testIamPermissions {"permissions":["cloudfunctions.functions.create","cloudfunctions.functions.delete","cloudfunctions.functions.get","cloudfunctions.functions.list","cloudfunctions.functions.update","cloudfunctions.operations.get","firebase.projects.get"]}
[debug] [2025-12-12T20:18:44.874Z] Checked if tokens are valid: true, expires at: 1765574322268
[debug] [2025-12-12T20:18:44.874Z] Checked if tokens are valid: true, expires at: 1765574322268
[debug] [2025-12-12T20:18:44.874Z] >>> [apiv2][query] POST https://iam.googleapis.com/v1/projects/navis-3a087/serviceAccounts/navis-3a087@appspot.gserviceaccount.com:testIamPermissions [none]
[debug] [2025-12-12T20:18:44.874Z] >>> [apiv2][body] POST https://iam.googleapis.com/v1/projects/navis-3a087/serviceAccounts/navis-3a087@appspot.gserviceaccount.com:testIamPermissions {"permissions":["iam.serviceAccounts.actAs"]}
[debug] [2025-12-12T20:18:46.494Z] <<< [apiv2][status] POST https://iam.googleapis.com/v1/projects/navis-3a087/serviceAccounts/navis-3a087@appspot.gserviceaccount.com:testIamPermissions 200
[debug] [2025-12-12T20:18:46.495Z] <<< [apiv2][body] POST https://iam.googleapis.com/v1/projects/navis-3a087/serviceAccounts/navis-3a087@appspot.gserviceaccount.com:testIamPermissions {"permissions":["iam.serviceAccounts.actAs"]}
[info] 
[info] === Deploying to 'navis-3a087'...
[info] 
[info] i  deploying functions 
[info] Running command: npm --prefix "$RESOURCE_DIR" run build
